<?xml version="1.0" encoding="UTF-8"?>
<!-- Generated by org.testng.reporters.JUnitReportReporter -->
<testsuite hostname="Mohammads-MacBook-Pro.local" failures="0" tests="1" name="testng.NewTest" time="0.056" errors="0" timestamp="2023-02-03T12:49:15 EST" skipped="0">
  <testcase classname="testng.NewTest" name="f" time="0.056"/>
  <system-out/>
</testsuite> <!-- testng.NewTest -->
